<?xml version="1.0" encoding="UTF-8"?>
<coverage generated="1693027045905" clover="3.2.0">
  <project timestamp="1693027045905" name="All files">
    <metrics statements="19" coveredstatements="19" conditionals="6" coveredconditionals="6" methods="5" coveredmethods="5" elements="30" coveredelements="30" complexity="0" loc="19" ncloc="19" packages="1" files="2" classes="2"/>
    <file name="exception.ts" path="Z:\FrontEnd\mduash\src\modules\exception.ts">
      <metrics statements="9" coveredstatements="9" conditionals="0" coveredconditionals="0" methods="2" coveredmethods="2"/>
      <line num="2" count="1" type="stmt"/>
      <line num="3" count="1" type="stmt"/>
      <line num="16" count="1" type="stmt"/>
      <line num="17" count="1" type="stmt"/>
      <line num="18" count="1" type="stmt"/>
      <line num="19" count="1" type="stmt"/>
      <line num="22" count="1" type="stmt"/>
      <line num="30" count="1" type="stmt"/>
      <line num="32" count="1" type="stmt"/>
    </file>
    <file name="route.ts" path="Z:\FrontEnd\mduash\src\modules\route.ts">
      <metrics statements="10" coveredstatements="10" conditionals="6" coveredconditionals="6" methods="3" coveredmethods="3"/>
      <line num="2" count="1" type="stmt"/>
      <line num="3" count="1" type="stmt"/>
      <line num="4" count="1" type="stmt"/>
      <line num="12" count="3" type="stmt"/>
      <line num="18" count="1" type="stmt"/>
      <line num="25" count="2" type="stmt"/>
      <line num="31" count="1" type="stmt"/>
      <line num="40" count="1" type="stmt"/>
      <line num="41" count="1" type="stmt"/>
      <line num="46" count="1" type="stmt"/>
    </file>
  </project>
</coverage>
