{"Z:\\FrontEnd\\mduash\\src\\modules\\exception.ts": {"path":"Z:\\FrontEnd\\mduash\\src\\modules\\exception.ts","statementMap":{"0":{"start":{"line":2,"column":0},"end":{"line":2,"column":62}},"1":{"start":{"line":3,"column":0},"end":{"line":3,"column":50}},"2":{"start":{"line":16,"column":8},"end":{"line":16,"column":19}},"3":{"start":{"line":17,"column":8},"end":{"line":17,"column":25}},"4":{"start":{"line":18,"column":8},"end":{"line":18,"column":23}},"5":{"start":{"line":19,"column":8},"end":{"line":19,"column":29}},"6":{"start":{"line":22,"column":0},"end":{"line":22,"column":24}},"7":{"start":{"line":30,"column":4},"end":{"line":30,"column":33}},"8":{"start":{"line":32,"column":0},"end":{"line":32,"column":42}}},"fnMap":{"0":{"name":"(anonymous_0)","decl":{"start":{"line":15,"column":4},"end":{"line":15,"column":5}},"loc":{"start":{"line":15,"column":27},"end":{"line":20,"column":5}},"line":15},"1":{"name":"generatorMError","decl":{"start":{"line":29,"column":9},"end":{"line":29,"column":24}},"loc":{"start":{"line":29,"column":36},"end":{"line":31,"column":1}},"line":29}},"branchMap":{},"s":{"0":1,"1":1,"2":1,"3":1,"4":1,"5":1,"6":1,"7":1,"8":1},"f":{"0":1,"1":1},"b":{},"_coverageSchema":"1a1c01bbd47fc00a2c39e90264f33305004495a9","hash":"667f69176244044f2a15efcbaa82c6492927f21e"}
,"Z:\\FrontEnd\\mduash\\src\\modules\\route.ts": {"path":"Z:\\FrontEnd\\mduash\\src\\modules\\route.ts","statementMap":{"0":{"start":{"line":2,"column":0},"end":{"line":2,"column":62}},"1":{"start":{"line":3,"column":0},"end":{"line":3,"column":72}},"2":{"start":{"line":4,"column":20},"end":{"line":4,"column":42}},"3":{"start":{"line":12,"column":4},"end":{"line":16,"column":6}},"4":{"start":{"line":18,"column":0},"end":{"line":18,"column":32}},"5":{"start":{"line":25,"column":4},"end":{"line":29,"column":6}},"6":{"start":{"line":31,"column":0},"end":{"line":31,"column":28}},"7":{"start":{"line":40,"column":19},"end":{"line":40,"column":40}},"8":{"start":{"line":41,"column":4},"end":{"line":44,"column":6}},"9":{"start":{"line":46,"column":0},"end":{"line":46,"column":40}}},"fnMap":{"0":{"name":"SuccessRes","decl":{"start":{"line":11,"column":9},"end":{"line":11,"column":19}},"loc":{"start":{"line":11,"column":31},"end":{"line":17,"column":1}},"line":11},"1":{"name":"ErrorRes","decl":{"start":{"line":24,"column":9},"end":{"line":24,"column":17}},"loc":{"start":{"line":24,"column":25},"end":{"line":30,"column":1}},"line":24},"2":{"name":"PageSuccessRes","decl":{"start":{"line":39,"column":9},"end":{"line":39,"column":23}},"loc":{"start":{"line":39,"column":45},"end":{"line":45,"column":1}},"line":39}},"branchMap":{"0":{"loc":{"start":{"line":14,"column":13},"end":{"line":14,"column":29}},"type":"binary-expr","locations":[{"start":{"line":14,"column":13},"end":{"line":14,"column":16}},{"start":{"line":14,"column":20},"end":{"line":14,"column":29}}],"line":14},"1":{"loc":{"start":{"line":26,"column":14},"end":{"line":26,"column":67}},"type":"cond-expr","locations":[{"start":{"line":26,"column":52},"end":{"line":26,"column":62}},{"start":{"line":26,"column":65},"end":{"line":26,"column":67}}],"line":26},"2":{"loc":{"start":{"line":27,"column":13},"end":{"line":27,"column":76}},"type":"cond-expr","locations":[{"start":{"line":27,"column":51},"end":{"line":27,"column":60}},{"start":{"line":27,"column":63},"end":{"line":27,"column":76}}],"line":27}},"s":{"0":1,"1":1,"2":1,"3":3,"4":1,"5":2,"6":1,"7":1,"8":1,"9":1},"f":{"0":3,"1":2,"2":1},"b":{"0":[3,2],"1":[1,1],"2":[1,1]},"_coverageSchema":"1a1c01bbd47fc00a2c39e90264f33305004495a9","hash":"b1f57546426f340efc86b5ed7f02a1fac52677f1"}
}
