{"E:\\wks\\mduash\\src\\modules\\exception.ts": {"path":"E:\\wks\\mduash\\src\\modules\\exception.ts","statementMap":{"0":{"start":{"line":14,"column":4},"end":{"line":14,"column":15}},"1":{"start":{"line":15,"column":4},"end":{"line":15,"column":21}},"2":{"start":{"line":16,"column":4},"end":{"line":16,"column":19}},"3":{"start":{"line":17,"column":4},"end":{"line":17,"column":25}},"4":{"start":{"line":4,"column":0},"end":{"line":4,"column":13}},"5":{"start":{"line":28,"column":2},"end":{"line":28,"column":31}},"6":{"start":{"line":27,"column":0},"end":{"line":27,"column":16}}},"fnMap":{"0":{"name":"(anonymous_0)","decl":{"start":{"line":13,"column":2},"end":{"line":13,"column":14}},"loc":{"start":{"line":13,"column":39},"end":{"line":18,"column":3}}},"1":{"name":"generatorMError","decl":{"start":{"line":27,"column":16},"end":{"line":27,"column":31}},"loc":{"start":{"line":27,"column":57},"end":{"line":29,"column":1}}}},"branchMap":{},"s":{"0":1,"1":1,"2":1,"3":1,"4":1,"5":1,"6":1},"f":{"0":1,"1":1},"b":{}}
,"E:\\wks\\mduash\\src\\modules\\route.ts": {"path":"E:\\wks\\mduash\\src\\modules\\route.ts","statementMap":{"0":{"start":{"line":1,"column":0},"end":{"line":1,"column":36}},"1":{"start":{"line":30,"column":2},"end":{"line":34,"column":null}},"2":{"start":{"line":26,"column":0},"end":{"line":26,"column":16}},"3":{"start":{"line":43,"column":2},"end":{"line":47,"column":null}},"4":{"start":{"line":42,"column":0},"end":{"line":42,"column":16}},"5":{"start":{"line":62,"column":17},"end":{"line":62,"column":43}},"6":{"start":{"line":63,"column":2},"end":{"line":65,"column":null}},"7":{"start":{"line":57,"column":0},"end":{"line":57,"column":16}}},"fnMap":{"0":{"name":"SuccessRes","decl":{"start":{"line":26,"column":16},"end":{"line":26,"column":26}},"loc":{"start":{"line":28,"column":14},"end":{"line":35,"column":1}}},"1":{"name":"ErrorRes","decl":{"start":{"line":42,"column":16},"end":{"line":42,"column":24}},"loc":{"start":{"line":42,"column":37},"end":{"line":48,"column":1}}},"2":{"name":"PageSuccessRes","decl":{"start":{"line":57,"column":16},"end":{"line":57,"column":30}},"loc":{"start":{"line":60,"column":14},"end":{"line":67,"column":1}}}},"branchMap":{"0":{"loc":{"start":{"line":32,"column":9},"end":{"line":32,"column":25}},"type":"binary-expr","locations":[{"start":{"line":32,"column":9},"end":{"line":32,"column":12}},{"start":{"line":32,"column":16},"end":{"line":32,"column":25}}]},"1":{"loc":{"start":{"line":44,"column":10},"end":{"line":44,"column":51}},"type":"cond-expr","locations":[{"start":{"line":44,"column":36},"end":{"line":44,"column":46}},{"start":{"line":44,"column":49},"end":{"line":44,"column":51}}]},"2":{"loc":{"start":{"line":45,"column":9},"end":{"line":45,"column":60}},"type":"cond-expr","locations":[{"start":{"line":45,"column":35},"end":{"line":45,"column":44}},{"start":{"line":45,"column":47},"end":{"line":45,"column":60}}]}},"s":{"0":1,"1":3,"2":1,"3":2,"4":1,"5":1,"6":1,"7":1},"f":{"0":3,"1":2,"2":1},"b":{"0":[3,2],"1":[1,1],"2":[1,1]}}
}
