TN:
SF:src\modules\exception.ts
FN:15,(anonymous_0)
FN:29,generatorMError
FNF:2
FNH:2
FNDA:1,(anonymous_0)
FNDA:1,generatorMError
DA:2,1
DA:3,1
DA:16,1
DA:17,1
DA:18,1
DA:19,1
DA:22,1
DA:30,1
DA:32,1
LF:9
LH:9
BRF:0
BRH:0
end_of_record
TN:
SF:src\modules\route.ts
FN:11,SuccessRes
FN:24,ErrorRes
FN:39,PageSuccessRes
FNF:3
FNH:3
FNDA:3,SuccessRes
FNDA:2,ErrorRes
FNDA:1,PageSuccessRes
DA:2,1
DA:3,1
DA:4,1
DA:12,3
DA:18,1
DA:25,2
DA:31,1
DA:40,1
DA:41,1
DA:46,1
LF:10
LH:10
BRDA:14,0,0,3
BRDA:14,0,1,2
BRDA:26,1,0,1
BRDA:26,1,1,1
BRDA:27,2,0,1
BRDA:27,2,1,1
BRF:6
BRH:6
end_of_record
