TN:
SF:src\modules\exception.ts
FN:13,(anonymous_0)
FN:27,generatorMError
FNF:2
FNH:2
FNDA:1,(anonymous_0)
FNDA:1,generatorMError
DA:4,1
DA:14,1
DA:15,1
DA:16,1
DA:17,1
DA:27,1
DA:28,1
LF:7
LH:7
BRF:0
BRH:0
end_of_record
TN:
SF:src\modules\route.ts
FN:26,SuccessRes
FN:42,ErrorRes
FN:57,PageSuccessRes
FNF:3
FNH:3
FNDA:3,SuccessRes
FNDA:2,ErrorRes
FNDA:1,PageSuccessRes
DA:1,1
DA:26,1
DA:30,3
DA:42,1
DA:43,2
DA:57,1
DA:62,1
DA:63,1
LF:8
LH:8
BRDA:32,0,0,3
BRDA:32,0,1,2
BRDA:44,1,0,1
BRDA:44,1,1,1
BRDA:45,2,0,1
BRDA:45,2,1,1
BRF:6
BRH:6
end_of_record
